@!@!@STARTMSG 2262:0 @!@!@
TLC2 Version 2.14 of 10 July 2019
@!@!@ENDMSG 2262 @!@!@
@!@!@STARTMSG 2187:0 @!@!@
Running breadth-first search Model-Checking with fp 9 and seed -3468306953626354794 with 2 workers on 4 cores with 608MB heap and 1365MB offheap memory [pid: 25701] (Mac OS X 10.15 x86_64, AdoptOpenJDK 11.0.3 x86_64, OffHeapDiskFPSet, DiskStateQueue).
@!@!@ENDMSG 2187 @!@!@
@!@!@STARTMSG 2220:0 @!@!@
Starting SANY...
@!@!@ENDMSG 2220 @!@!@
Parsing file /Users/abhavluthra/Desktop/586/Subm/benor.toolbox/Model_1/MC.tla
Parsing file /Users/abhavluthra/Desktop/586/Subm/benor.toolbox/Model_1/benor.tla
Parsing file /Applications/TLA+ Toolbox.app/Contents/Eclipse/plugins/org.lamport.tlatools_1.0.0.201907102009/tla2sany/StandardModules/TLC.tla
Parsing file /Applications/TLA+ Toolbox.app/Contents/Eclipse/plugins/org.lamport.tlatools_1.0.0.201907102009/tla2sany/StandardModules/Integers.tla
Parsing file /Applications/TLA+ Toolbox.app/Contents/Eclipse/plugins/org.lamport.tlatools_1.0.0.201907102009/tla2sany/StandardModules/Sequences.tla
Parsing file /Applications/TLA+ Toolbox.app/Contents/Eclipse/plugins/org.lamport.tlatools_1.0.0.201907102009/tla2sany/StandardModules/FiniteSets.tla
Parsing file /Applications/TLA+ Toolbox.app/Contents/Eclipse/plugins/org.lamport.tlatools_1.0.0.201907102009/tla2sany/StandardModules/Naturals.tla
Semantic processing of module Naturals
Semantic processing of module Integers
Semantic processing of module Sequences
Semantic processing of module FiniteSets
Semantic processing of module benor
Semantic processing of module TLC
Semantic processing of module MC
@!@!@STARTMSG 2219:0 @!@!@
SANY finished.
@!@!@ENDMSG 2219 @!@!@
@!@!@STARTMSG 2185:0 @!@!@
Starting... (2019-11-27 20:30:52)
@!@!@ENDMSG 2185 @!@!@
@!@!@STARTMSG 2189:0 @!@!@
Computing initial states...
@!@!@ENDMSG 2189 @!@!@
@!@!@STARTMSG 2190:0 @!@!@
Finished computing initial states: 1 distinct state generated at 2019-11-27 20:30:53.
@!@!@ENDMSG 2190 @!@!@
@!@!@STARTMSG 2110:1 @!@!@
Invariant Progress is violated.
@!@!@ENDMSG 2110 @!@!@
@!@!@STARTMSG 2121:1 @!@!@
The behavior up to this point is:
@!@!@ENDMSG 2121 @!@!@
@!@!@STARTMSG 2217:4 @!@!@
1: <Initial predicate>
/\ n_id = <<1, 2, 3, 4>>
/\ r = <<1, 1, 1, 1>>
/\ p1v = <<1, 1, 1, 1>>
/\ pc = <<"P", "P", "P", "P">>
/\ p2v = <<-1, -1, -1, -1>>
/\ p2Msg = {}
/\ phase2_complete = <<FALSE, FALSE, FALSE, FALSE>>
/\ phase1_complete = <<FALSE, FALSE, FALSE, FALSE>>
/\ decided = <<-1, -1, -1, -1>>
/\ p1Msg = {}

@!@!@ENDMSG 2217 @!@!@
@!@!@STARTMSG 2217:4 @!@!@
2: <P line 140, col 12 to line 150, col 56 of module benor>
/\ n_id = <<1, 2, 3, 4>>
/\ r = <<1, 1, 1, 1>>
/\ p1v = <<1, 1, 1, 1>>
/\ pc = <<"P1", "P", "P", "P">>
/\ p2v = <<-1, -1, -1, -1>>
/\ p2Msg = {}
/\ phase2_complete = <<FALSE, FALSE, FALSE, FALSE>>
/\ phase1_complete = <<FALSE, FALSE, FALSE, FALSE>>
/\ decided = <<-1, -1, -1, -1>>
/\ p1Msg = {}

@!@!@ENDMSG 2217 @!@!@
@!@!@STARTMSG 2217:4 @!@!@
3: <P1 line 152, col 13 to line 156, col 48 of module benor>
/\ n_id = <<1, 2, 3, 4>>
/\ r = <<1, 1, 1, 1>>
/\ p1v = <<1, 1, 1, 1>>
/\ pc = <<"CP1", "P", "P", "P">>
/\ p2v = <<-1, -1, -1, -1>>
/\ p2Msg = {}
/\ phase2_complete = <<FALSE, FALSE, FALSE, FALSE>>
/\ phase1_complete = <<FALSE, FALSE, FALSE, FALSE>>
/\ decided = <<-1, -1, -1, -1>>
/\ p1Msg = {[round |-> 1, val |-> 1, node_id |-> 1]}

@!@!@ENDMSG 2217 @!@!@
@!@!@STARTMSG 2217:4 @!@!@
4: <P line 140, col 12 to line 150, col 56 of module benor>
/\ n_id = <<1, 2, 3, 4>>
/\ r = <<1, 1, 1, 1>>
/\ p1v = <<1, 1, 1, 1>>
/\ pc = <<"CP1", "P1", "P", "P">>
/\ p2v = <<-1, -1, -1, -1>>
/\ p2Msg = {}
/\ phase2_complete = <<FALSE, FALSE, FALSE, FALSE>>
/\ phase1_complete = <<FALSE, FALSE, FALSE, FALSE>>
/\ decided = <<-1, -1, -1, -1>>
/\ p1Msg = {[round |-> 1, val |-> 1, node_id |-> 1]}

@!@!@ENDMSG 2217 @!@!@
@!@!@STARTMSG 2217:4 @!@!@
5: <P1 line 152, col 13 to line 156, col 48 of module benor>
/\ n_id = <<1, 2, 3, 4>>
/\ r = <<1, 1, 1, 1>>
/\ p1v = <<1, 1, 1, 1>>
/\ pc = <<"CP1", "CP1", "P", "P">>
/\ p2v = <<-1, -1, -1, -1>>
/\ p2Msg = {}
/\ phase2_complete = <<FALSE, FALSE, FALSE, FALSE>>
/\ phase1_complete = <<FALSE, FALSE, FALSE, FALSE>>
/\ decided = <<-1, -1, -1, -1>>
/\ p1Msg = {[round |-> 1, val |-> 1, node_id |-> 1], [round |-> 1, val |-> 1, node_id |-> 2]}

@!@!@ENDMSG 2217 @!@!@
@!@!@STARTMSG 2217:4 @!@!@
6: <P line 140, col 12 to line 150, col 56 of module benor>
/\ n_id = <<1, 2, 3, 4>>
/\ r = <<1, 1, 1, 1>>
/\ p1v = <<1, 1, 1, 1>>
/\ pc = <<"CP1", "CP1", "P1", "P">>
/\ p2v = <<-1, -1, -1, -1>>
/\ p2Msg = {}
/\ phase2_complete = <<FALSE, FALSE, FALSE, FALSE>>
/\ phase1_complete = <<FALSE, FALSE, FALSE, FALSE>>
/\ decided = <<-1, -1, -1, -1>>
/\ p1Msg = {[round |-> 1, val |-> 1, node_id |-> 1], [round |-> 1, val |-> 1, node_id |-> 2]}

@!@!@ENDMSG 2217 @!@!@
@!@!@STARTMSG 2217:4 @!@!@
7: <P1 line 152, col 13 to line 156, col 48 of module benor>
/\ n_id = <<1, 2, 3, 4>>
/\ r = <<1, 1, 1, 1>>
/\ p1v = <<1, 1, 1, 1>>
/\ pc = <<"CP1", "CP1", "CP1", "P">>
/\ p2v = <<-1, -1, -1, -1>>
/\ p2Msg = {}
/\ phase2_complete = <<FALSE, FALSE, FALSE, FALSE>>
/\ phase1_complete = <<FALSE, FALSE, FALSE, FALSE>>
/\ decided = <<-1, -1, -1, -1>>
/\ p1Msg = {[round |-> 1, val |-> 1, node_id |-> 1], [round |-> 1, val |-> 1, node_id |-> 2], [round |-> 1, val |-> 1, node_id |-> 3]}

@!@!@ENDMSG 2217 @!@!@
@!@!@STARTMSG 2217:4 @!@!@
8: <CP1 line 158, col 14 to line 170, col 39 of module benor>
/\ n_id = <<1, 2, 3, 4>>
/\ r = <<1, 1, 1, 1>>
/\ p1v = <<1, 1, 1, 1>>
/\ pc = <<"P2", "CP1", "CP1", "P">>
/\ p2v = <<1, -1, -1, -1>>
/\ p2Msg = {}
/\ phase2_complete = <<FALSE, FALSE, FALSE, FALSE>>
/\ phase1_complete = <<TRUE, FALSE, FALSE, FALSE>>
/\ decided = <<-1, -1, -1, -1>>
/\ p1Msg = {[round |-> 1, val |-> 1, node_id |-> 1], [round |-> 1, val |-> 1, node_id |-> 2], [round |-> 1, val |-> 1, node_id |-> 3]}

@!@!@ENDMSG 2217 @!@!@
@!@!@STARTMSG 2217:4 @!@!@
9: <P2 line 172, col 13 to line 176, col 48 of module benor>
/\ n_id = <<1, 2, 3, 4>>
/\ r = <<1, 1, 1, 1>>
/\ p1v = <<1, 1, 1, 1>>
/\ pc = <<"CP2", "CP1", "CP1", "P">>
/\ p2v = <<1, -1, -1, -1>>
/\ p2Msg = {[round |-> 1, val |-> 1, node_id |-> 1]}
/\ phase2_complete = <<FALSE, FALSE, FALSE, FALSE>>
/\ phase1_complete = <<TRUE, FALSE, FALSE, FALSE>>
/\ decided = <<-1, -1, -1, -1>>
/\ p1Msg = {[round |-> 1, val |-> 1, node_id |-> 1], [round |-> 1, val |-> 1, node_id |-> 2], [round |-> 1, val |-> 1, node_id |-> 3]}

@!@!@ENDMSG 2217 @!@!@
@!@!@STARTMSG 2217:4 @!@!@
10: <CP1 line 158, col 14 to line 170, col 39 of module benor>
/\ n_id = <<1, 2, 3, 4>>
/\ r = <<1, 1, 1, 1>>
/\ p1v = <<1, 1, 1, 1>>
/\ pc = <<"CP2", "P2", "CP1", "P">>
/\ p2v = <<1, 1, -1, -1>>
/\ p2Msg = {[round |-> 1, val |-> 1, node_id |-> 1]}
/\ phase2_complete = <<FALSE, FALSE, FALSE, FALSE>>
/\ phase1_complete = <<TRUE, TRUE, FALSE, FALSE>>
/\ decided = <<-1, -1, -1, -1>>
/\ p1Msg = {[round |-> 1, val |-> 1, node_id |-> 1], [round |-> 1, val |-> 1, node_id |-> 2], [round |-> 1, val |-> 1, node_id |-> 3]}

@!@!@ENDMSG 2217 @!@!@
@!@!@STARTMSG 2217:4 @!@!@
11: <CP1 line 158, col 14 to line 170, col 39 of module benor>
/\ n_id = <<1, 2, 3, 4>>
/\ r = <<1, 1, 1, 1>>
/\ p1v = <<1, 1, 1, 1>>
/\ pc = <<"CP2", "P2", "P2", "P">>
/\ p2v = <<1, 1, 1, -1>>
/\ p2Msg = {[round |-> 1, val |-> 1, node_id |-> 1]}
/\ phase2_complete = <<FALSE, FALSE, FALSE, FALSE>>
/\ phase1_complete = <<TRUE, TRUE, TRUE, FALSE>>
/\ decided = <<-1, -1, -1, -1>>
/\ p1Msg = {[round |-> 1, val |-> 1, node_id |-> 1], [round |-> 1, val |-> 1, node_id |-> 2], [round |-> 1, val |-> 1, node_id |-> 3]}

@!@!@ENDMSG 2217 @!@!@
@!@!@STARTMSG 2217:4 @!@!@
12: <P2 line 172, col 13 to line 176, col 48 of module benor>
/\ n_id = <<1, 2, 3, 4>>
/\ r = <<1, 1, 1, 1>>
/\ p1v = <<1, 1, 1, 1>>
/\ pc = <<"CP2", "CP2", "P2", "P">>
/\ p2v = <<1, 1, 1, -1>>
/\ p2Msg = {[round |-> 1, val |-> 1, node_id |-> 1], [round |-> 1, val |-> 1, node_id |-> 2]}
/\ phase2_complete = <<FALSE, FALSE, FALSE, FALSE>>
/\ phase1_complete = <<TRUE, TRUE, TRUE, FALSE>>
/\ decided = <<-1, -1, -1, -1>>
/\ p1Msg = {[round |-> 1, val |-> 1, node_id |-> 1], [round |-> 1, val |-> 1, node_id |-> 2], [round |-> 1, val |-> 1, node_id |-> 3]}

@!@!@ENDMSG 2217 @!@!@
@!@!@STARTMSG 2217:4 @!@!@
13: <P2 line 172, col 13 to line 176, col 48 of module benor>
/\ n_id = <<1, 2, 3, 4>>
/\ r = <<1, 1, 1, 1>>
/\ p1v = <<1, 1, 1, 1>>
/\ pc = <<"CP2", "CP2", "CP2", "P">>
/\ p2v = <<1, 1, 1, -1>>
/\ p2Msg = {[round |-> 1, val |-> 1, node_id |-> 1], [round |-> 1, val |-> 1, node_id |-> 2], [round |-> 1, val |-> 1, node_id |-> 3]}
/\ phase2_complete = <<FALSE, FALSE, FALSE, FALSE>>
/\ phase1_complete = <<TRUE, TRUE, TRUE, FALSE>>
/\ decided = <<-1, -1, -1, -1>>
/\ p1Msg = {[round |-> 1, val |-> 1, node_id |-> 1], [round |-> 1, val |-> 1, node_id |-> 2], [round |-> 1, val |-> 1, node_id |-> 3]}

@!@!@ENDMSG 2217 @!@!@
@!@!@STARTMSG 2217:4 @!@!@
14: <CP2 line 178, col 14 to line 187, col 80 of module benor>
/\ n_id = <<1, 2, 3, 4>>
/\ r = <<1, 1, 1, 1>>
/\ p1v = <<1, 1, 1, 1>>
/\ pc = <<"P2F", "CP2", "CP2", "P">>
/\ p2v = <<1, 1, 1, -1>>
/\ p2Msg = {[round |-> 1, val |-> 1, node_id |-> 1], [round |-> 1, val |-> 1, node_id |-> 2], [round |-> 1, val |-> 1, node_id |-> 3]}
/\ phase2_complete = <<TRUE, FALSE, FALSE, FALSE>>
/\ phase1_complete = <<TRUE, TRUE, TRUE, FALSE>>
/\ decided = <<1, -1, -1, -1>>
/\ p1Msg = {[round |-> 1, val |-> 1, node_id |-> 1], [round |-> 1, val |-> 1, node_id |-> 2], [round |-> 1, val |-> 1, node_id |-> 3]}

@!@!@ENDMSG 2217 @!@!@
@!@!@STARTMSG 2201:0 @!@!@
The coverage statistics at 2019-11-27 20:30:54
@!@!@ENDMSG 2201 @!@!@
@!@!@STARTMSG 2773:0 @!@!@
<Init line 127, col 1 to line 127, col 4 of module benor>: 2:2
@!@!@ENDMSG 2773 @!@!@
@!@!@STARTMSG 2221:0 @!@!@
  line 128, col 9 to line 138, col 42 of module benor: 2
@!@!@ENDMSG 2221 @!@!@
@!@!@STARTMSG 2772:0 @!@!@
<P line 140, col 1 to line 140, col 7 of module benor>: 53:211
@!@!@ENDMSG 2772 @!@!@
@!@!@STARTMSG 2221:0 @!@!@
  line 140, col 15 to line 140, col 28 of module benor: 1546
@!@!@ENDMSG 2221 @!@!@
@!@!@STARTMSG 2221:0 @!@!@
  |line 140, col 15 to line 140, col 22 of module benor: 1335
@!@!@ENDMSG 2221 @!@!@
@!@!@STARTMSG 2221:0 @!@!@
  line 141, col 18 to line 141, col 36 of module benor: 211
@!@!@ENDMSG 2221 @!@!@
@!@!@STARTMSG 2221:0 @!@!@
  line 142, col 23 to line 146, col 57 of module benor: 211
@!@!@ENDMSG 2221 @!@!@
@!@!@STARTMSG 2221:0 @!@!@
  line 147, col 26 to line 147, col 59 of module benor: 0
@!@!@ENDMSG 2221 @!@!@
@!@!@STARTMSG 2221:0 @!@!@
  line 148, col 26 to line 149, col 48 of module benor: 0
@!@!@ENDMSG 2221 @!@!@
@!@!@STARTMSG 2221:0 @!@!@
  line 150, col 15 to line 150, col 56 of module benor: 211
@!@!@ENDMSG 2221 @!@!@
@!@!@STARTMSG 2772:0 @!@!@
<P1 line 152, col 1 to line 152, col 8 of module benor>: 63:208
@!@!@ENDMSG 2772 @!@!@
@!@!@STARTMSG 2221:0 @!@!@
  line 152, col 16 to line 152, col 30 of module benor: 1540
@!@!@ENDMSG 2221 @!@!@
@!@!@STARTMSG 2221:0 @!@!@
  |line 152, col 16 to line 152, col 23 of module benor: 1332
@!@!@ENDMSG 2221 @!@!@
@!@!@STARTMSG 2221:0 @!@!@
  line 153, col 16 to line 153, col 103 of module benor: 208
@!@!@ENDMSG 2221 @!@!@
@!@!@STARTMSG 2221:0 @!@!@
  line 154, col 16 to line 154, col 48 of module benor: 208
@!@!@ENDMSG 2221 @!@!@
@!@!@STARTMSG 2221:0 @!@!@
  line 155, col 16 to line 156, col 48 of module benor: 208
@!@!@ENDMSG 2221 @!@!@
@!@!@STARTMSG 2772:0 @!@!@
<CP1 line 158, col 1 to line 158, col 9 of module benor>: 113:311
@!@!@ENDMSG 2772 @!@!@
@!@!@STARTMSG 2221:0 @!@!@
  line 158, col 17 to line 158, col 32 of module benor: 1640
@!@!@ENDMSG 2221 @!@!@
@!@!@STARTMSG 2221:0 @!@!@
  |line 158, col 17 to line 158, col 24 of module benor: 1329
@!@!@ENDMSG 2221 @!@!@
@!@!@STARTMSG 2221:0 @!@!@
  line 159, col 18 to line 159, col 63 of module benor: 311
@!@!@ENDMSG 2221 @!@!@
@!@!@STARTMSG 2221:0 @!@!@
  |line 159, col 18 to line 159, col 54 of module benor: 397
@!@!@ENDMSG 2221 @!@!@
@!@!@STARTMSG 2221:0 @!@!@
  ||line 159, col 30 to line 159, col 53 of module benor: 397
@!@!@ENDMSG 2221 @!@!@
@!@!@STARTMSG 2221:0 @!@!@
  |||line 117, col 23 to line 117, col 48 of module benor: 397
@!@!@ENDMSG 2221 @!@!@
@!@!@STARTMSG 2221:0 @!@!@
  ||||line 117, col 38 to line 117, col 46 of module benor: 1163
@!@!@ENDMSG 2221 @!@!@
@!@!@STARTMSG 2221:0 @!@!@
  ||||line 117, col 30 to line 117, col 34 of module benor: 397
@!@!@ENDMSG 2221 @!@!@
@!@!@STARTMSG 2221:0 @!@!@
  |||line 159, col 46 to line 159, col 52 of module benor: 397
@!@!@ENDMSG 2221 @!@!@
@!@!@STARTMSG 2221:0 @!@!@
  |line 159, col 60 to line 159, col 62 of module benor: 397
@!@!@ENDMSG 2221 @!@!@
@!@!@STARTMSG 2221:0 @!@!@
  line 160, col 20 to line 160, col 69 of module benor: 311
@!@!@ENDMSG 2221 @!@!@
@!@!@STARTMSG 2221:0 @!@!@
  |line 160, col 20 to line 160, col 65 of module benor: 311
@!@!@ENDMSG 2221 @!@!@
@!@!@STARTMSG 2221:0 @!@!@
  ||line 160, col 20 to line 160, col 63 of module benor: 311
@!@!@ENDMSG 2221 @!@!@
@!@!@STARTMSG 2221:0 @!@!@
  |||line 160, col 32 to line 160, col 62 of module benor: 311
@!@!@ENDMSG 2221 @!@!@
@!@!@STARTMSG 2221:0 @!@!@
  ||||line 114, col 30 to line 114, col 68 of module benor: 311
@!@!@ENDMSG 2221 @!@!@
@!@!@STARTMSG 2221:0 @!@!@
  |||||line 114, col 44 to line 114, col 67 of module benor: 1025
@!@!@ENDMSG 2221 @!@!@
@!@!@STARTMSG 2221:0 @!@!@
  |||||line 114, col 37 to line 114, col 41 of module benor: 311
@!@!@ENDMSG 2221 @!@!@
@!@!@STARTMSG 2221:0 @!@!@
  ||||line 160, col 53 to line 160, col 59 of module benor: 311
@!@!@ENDMSG 2221 @!@!@
@!@!@STARTMSG 2221:0 @!@!@
  |line 160, col 69 to line 160, col 69 of module benor: 311
@!@!@ENDMSG 2221 @!@!@
@!@!@STARTMSG 2221:0 @!@!@
  line 161, col 25 to line 161, col 58 of module benor: 311
@!@!@ENDMSG 2221 @!@!@
@!@!@STARTMSG 2221:0 @!@!@
  line 163, col 39 to line 163, col 69 of module benor: 0
@!@!@ENDMSG 2221 @!@!@
@!@!@STARTMSG 2221:0 @!@!@
  line 164, col 39 to line 164, col 70 of module benor: 0
@!@!@ENDMSG 2221 @!@!@
@!@!@STARTMSG 2221:0 @!@!@
  line 165, col 17 to line 165, col 74 of module benor: 311
@!@!@ENDMSG 2221 @!@!@
@!@!@STARTMSG 2221:0 @!@!@
  line 166, col 20 to line 166, col 46 of module benor: 311
@!@!@ENDMSG 2221 @!@!@
@!@!@STARTMSG 2221:0 @!@!@
  line 167, col 25 to line 167, col 59 of module benor: 311
@!@!@ENDMSG 2221 @!@!@
@!@!@STARTMSG 2221:0 @!@!@
  line 168, col 28 to line 168, col 60 of module benor: 0
@!@!@ENDMSG 2221 @!@!@
@!@!@STARTMSG 2221:0 @!@!@
  line 169, col 17 to line 170, col 39 of module benor: 311
@!@!@ENDMSG 2221 @!@!@
@!@!@STARTMSG 2772:0 @!@!@
<P2 line 172, col 1 to line 172, col 8 of module benor>: 123:285
@!@!@ENDMSG 2772 @!@!@
@!@!@STARTMSG 2221:0 @!@!@
  line 172, col 16 to line 172, col 30 of module benor: 1611
@!@!@ENDMSG 2221 @!@!@
@!@!@STARTMSG 2221:0 @!@!@
  |line 172, col 16 to line 172, col 23 of module benor: 1326
@!@!@ENDMSG 2221 @!@!@
@!@!@STARTMSG 2221:0 @!@!@
  line 173, col 16 to line 173, col 103 of module benor: 285
@!@!@ENDMSG 2221 @!@!@
@!@!@STARTMSG 2221:0 @!@!@
  line 174, col 16 to line 174, col 48 of module benor: 285
@!@!@ENDMSG 2221 @!@!@
@!@!@STARTMSG 2221:0 @!@!@
  line 175, col 16 to line 176, col 48 of module benor: 285
@!@!@ENDMSG 2221 @!@!@
@!@!@STARTMSG 2772:0 @!@!@
<CP2 line 178, col 1 to line 178, col 9 of module benor>: 2:3
@!@!@ENDMSG 2772 @!@!@
@!@!@STARTMSG 2221:0 @!@!@
  line 178, col 17 to line 178, col 32 of module benor: 1326
@!@!@ENDMSG 2221 @!@!@
@!@!@STARTMSG 2221:0 @!@!@
  |line 178, col 17 to line 178, col 24 of module benor: 1323
@!@!@ENDMSG 2221 @!@!@
@!@!@STARTMSG 2221:0 @!@!@
  line 179, col 18 to line 179, col 63 of module benor: 3
@!@!@ENDMSG 2221 @!@!@
@!@!@STARTMSG 2221:0 @!@!@
  |line 179, col 18 to line 179, col 54 of module benor: 234
@!@!@ENDMSG 2221 @!@!@
@!@!@STARTMSG 2221:0 @!@!@
  ||line 179, col 30 to line 179, col 53 of module benor: 234
@!@!@ENDMSG 2221 @!@!@
@!@!@STARTMSG 2221:0 @!@!@
  |||line 118, col 23 to line 118, col 48 of module benor: 234
@!@!@ENDMSG 2221 @!@!@
@!@!@STARTMSG 2221:0 @!@!@
  ||||line 118, col 38 to line 118, col 46 of module benor: 344
@!@!@ENDMSG 2221 @!@!@
@!@!@STARTMSG 2221:0 @!@!@
  ||||line 118, col 30 to line 118, col 34 of module benor: 234
@!@!@ENDMSG 2221 @!@!@
@!@!@STARTMSG 2221:0 @!@!@
  |||line 179, col 46 to line 179, col 52 of module benor: 234
@!@!@ENDMSG 2221 @!@!@
@!@!@STARTMSG 2221:0 @!@!@
  |line 179, col 60 to line 179, col 62 of module benor: 234
@!@!@ENDMSG 2221 @!@!@
@!@!@STARTMSG 2221:0 @!@!@
  line 180, col 20 to line 180, col 74 of module benor: 3
@!@!@ENDMSG 2221 @!@!@
@!@!@STARTMSG 2221:0 @!@!@
  |line 180, col 20 to line 180, col 63 of module benor: 3
@!@!@ENDMSG 2221 @!@!@
@!@!@STARTMSG 2221:0 @!@!@
  ||line 180, col 32 to line 180, col 62 of module benor: 3
@!@!@ENDMSG 2221 @!@!@
@!@!@STARTMSG 2221:0 @!@!@
  |||line 115, col 30 to line 115, col 68 of module benor: 3
@!@!@ENDMSG 2221 @!@!@
@!@!@STARTMSG 2221:0 @!@!@
  ||||line 115, col 44 to line 115, col 67 of module benor: 9
@!@!@ENDMSG 2221 @!@!@
@!@!@STARTMSG 2221:0 @!@!@
  ||||line 115, col 37 to line 115, col 41 of module benor: 3
@!@!@ENDMSG 2221 @!@!@
@!@!@STARTMSG 2221:0 @!@!@
  |||line 180, col 53 to line 180, col 59 of module benor: 3
@!@!@ENDMSG 2221 @!@!@
@!@!@STARTMSG 2221:0 @!@!@
  |line 180, col 69 to line 180, col 73 of module benor: 3
@!@!@ENDMSG 2221 @!@!@
@!@!@STARTMSG 2221:0 @!@!@
  line 181, col 28 to line 181, col 66 of module benor: 0
@!@!@ENDMSG 2221 @!@!@
@!@!@STARTMSG 2221:0 @!@!@
  line 182, col 31 to line 182, col 85 of module benor: 3
@!@!@ENDMSG 2221 @!@!@
@!@!@STARTMSG 2221:0 @!@!@
  |line 182, col 31 to line 182, col 74 of module benor: 3
@!@!@ENDMSG 2221 @!@!@
@!@!@STARTMSG 2221:0 @!@!@
  ||line 182, col 43 to line 182, col 73 of module benor: 3
@!@!@ENDMSG 2221 @!@!@
@!@!@STARTMSG 2221:0 @!@!@
  |||line 115, col 30 to line 115, col 68 of module benor: 3
@!@!@ENDMSG 2221 @!@!@
@!@!@STARTMSG 2221:0 @!@!@
  ||||line 115, col 44 to line 115, col 67 of module benor: 9
@!@!@ENDMSG 2221 @!@!@
@!@!@STARTMSG 2221:0 @!@!@
  ||||line 115, col 37 to line 115, col 41 of module benor: 3
@!@!@ENDMSG 2221 @!@!@
@!@!@STARTMSG 2221:0 @!@!@
  |||line 182, col 64 to line 182, col 70 of module benor: 3
@!@!@ENDMSG 2221 @!@!@
@!@!@STARTMSG 2221:0 @!@!@
  |line 182, col 80 to line 182, col 84 of module benor: 3
@!@!@ENDMSG 2221 @!@!@
@!@!@STARTMSG 2221:0 @!@!@
  line 183, col 36 to line 183, col 77 of module benor: 3
@!@!@ENDMSG 2221 @!@!@
@!@!@STARTMSG 2221:0 @!@!@
  line 184, col 39 to line 184, col 77 of module benor: 0
@!@!@ENDMSG 2221 @!@!@
@!@!@STARTMSG 2221:0 @!@!@
  line 185, col 17 to line 185, col 74 of module benor: 3
@!@!@ENDMSG 2221 @!@!@
@!@!@STARTMSG 2221:0 @!@!@
  line 186, col 17 to line 186, col 49 of module benor: 3
@!@!@ENDMSG 2221 @!@!@
@!@!@STARTMSG 2221:0 @!@!@
  line 187, col 17 to line 187, col 80 of module benor: 3
@!@!@ENDMSG 2221 @!@!@
@!@!@STARTMSG 2772:0 @!@!@
<P2F line 189, col 1 to line 189, col 9 of module benor>: 0:0
@!@!@ENDMSG 2772 @!@!@
@!@!@STARTMSG 2221:0 @!@!@
  line 189, col 17 to line 189, col 32 of module benor: 1320
@!@!@ENDMSG 2221 @!@!@
@!@!@STARTMSG 2221:0 @!@!@
  line 192, col 39 to line 192, col 81 of module benor: 0
@!@!@ENDMSG 2221 @!@!@
@!@!@STARTMSG 2221:0 @!@!@
  line 195, col 61 to line 195, col 91 of module benor: 0
@!@!@ENDMSG 2221 @!@!@
@!@!@STARTMSG 2221:0 @!@!@
  line 196, col 61 to line 196, col 91 of module benor: 0
@!@!@ENDMSG 2221 @!@!@
@!@!@STARTMSG 2221:0 @!@!@
  line 198, col 52 to line 198, col 82 of module benor: 0
@!@!@ENDMSG 2221 @!@!@
@!@!@STARTMSG 2221:0 @!@!@
  line 200, col 28 to line 200, col 37 of module benor: 0
@!@!@ENDMSG 2221 @!@!@
@!@!@STARTMSG 2221:0 @!@!@
  line 201, col 17 to line 201, col 51 of module benor: 0
@!@!@ENDMSG 2221 @!@!@
@!@!@STARTMSG 2221:0 @!@!@
  line 202, col 17 to line 202, col 47 of module benor: 0
@!@!@ENDMSG 2221 @!@!@
@!@!@STARTMSG 2221:0 @!@!@
  line 203, col 17 to line 204, col 61 of module benor: 0
@!@!@ENDMSG 2221 @!@!@
@!@!@STARTMSG 2772:0 @!@!@
<Terminating line 210, col 1 to line 210, col 11 of module benor>: 0:0
@!@!@ENDMSG 2772 @!@!@
@!@!@STARTMSG 2221:0 @!@!@
  line 210, col 19 to line 210, col 56 of module benor: 327
@!@!@ENDMSG 2221 @!@!@
@!@!@STARTMSG 2221:0 @!@!@
  line 211, col 19 to line 211, col 32 of module benor: 0
@!@!@ENDMSG 2221 @!@!@
@!@!@STARTMSG 2774:0 @!@!@
<Agreement line 223, col 1 to line 223, col 9 of module benor>
@!@!@ENDMSG 2774 @!@!@
@!@!@STARTMSG 2221:0 @!@!@
  line 223, col 14 to line 223, col 136 of module benor: 355
@!@!@ENDMSG 2221 @!@!@
@!@!@STARTMSG 2221:0 @!@!@
  |line 223, col 34 to line 223, col 136 of module benor: 5680
@!@!@ENDMSG 2221 @!@!@
@!@!@STARTMSG 2221:0 @!@!@
  ||line 223, col 35 to line 223, col 108 of module benor: 5680
@!@!@ENDMSG 2221 @!@!@
@!@!@STARTMSG 2221:0 @!@!@
  |||line 223, col 35 to line 223, col 89 of module benor: 5680
@!@!@ENDMSG 2221 @!@!@
@!@!@STARTMSG 2221:0 @!@!@
  ||||line 223, col 35 to line 223, col 70 of module benor: 5680
@!@!@ENDMSG 2221 @!@!@
@!@!@STARTMSG 2221:0 @!@!@
  |||||line 223, col 35 to line 223, col 50 of module benor: 5680
@!@!@ENDMSG 2221 @!@!@
@!@!@STARTMSG 2221:0 @!@!@
  |||||line 223, col 55 to line 223, col 70 of module benor: 8
@!@!@ENDMSG 2221 @!@!@
@!@!@STARTMSG 2221:0 @!@!@
  ||||line 223, col 75 to line 223, col 89 of module benor: 2
@!@!@ENDMSG 2221 @!@!@
@!@!@STARTMSG 2221:0 @!@!@
  |||line 223, col 94 to line 223, col 108 of module benor: 2
@!@!@ENDMSG 2221 @!@!@
@!@!@STARTMSG 2221:0 @!@!@
  ||line 223, col 114 to line 223, col 136 of module benor: 2
@!@!@ENDMSG 2221 @!@!@
@!@!@STARTMSG 2221:0 @!@!@
  |line 223, col 27 to line 223, col 31 of module benor: 355
@!@!@ENDMSG 2221 @!@!@
@!@!@STARTMSG 2774:0 @!@!@
<Progress line 225, col 1 to line 225, col 8 of module benor>
@!@!@ENDMSG 2774 @!@!@
@!@!@STARTMSG 2221:0 @!@!@
  line 225, col 13 to line 225, col 158 of module benor: 355
@!@!@ENDMSG 2221 @!@!@
@!@!@STARTMSG 2221:0 @!@!@
  |line 225, col 30 to line 225, col 158 of module benor: 1414
@!@!@ENDMSG 2221 @!@!@
@!@!@STARTMSG 2221:0 @!@!@
  ||line 225, col 30 to line 225, col 119 of module benor: 1414
@!@!@ENDMSG 2221 @!@!@
@!@!@STARTMSG 2221:0 @!@!@
  |||line 225, col 30 to line 225, col 72 of module benor: 1414
@!@!@ENDMSG 2221 @!@!@
@!@!@STARTMSG 2221:0 @!@!@
  ||||line 225, col 30 to line 225, col 68 of module benor: 1414
@!@!@ENDMSG 2221 @!@!@
@!@!@STARTMSG 2221:0 @!@!@
  |||||line 225, col 42 to line 225, col 67 of module benor: 1414
@!@!@ENDMSG 2221 @!@!@
@!@!@STARTMSG 2221:0 @!@!@
  ||||||line 225, col 56 to line 225, col 65 of module benor: 5656
@!@!@ENDMSG 2221 @!@!@
@!@!@STARTMSG 2221:0 @!@!@
  ||||||line 225, col 49 to line 225, col 53 of module benor: 1414
@!@!@ENDMSG 2221 @!@!@
@!@!@STARTMSG 2221:0 @!@!@
  ||||line 225, col 72 to line 225, col 72 of module benor: 1414
@!@!@ENDMSG 2221 @!@!@
@!@!@STARTMSG 2221:0 @!@!@
  |||line 225, col 77 to line 225, col 119 of module benor: 1414
@!@!@ENDMSG 2221 @!@!@
@!@!@STARTMSG 2221:0 @!@!@
  ||||line 225, col 77 to line 225, col 115 of module benor: 1414
@!@!@ENDMSG 2221 @!@!@
@!@!@STARTMSG 2221:0 @!@!@
  |||||line 225, col 89 to line 225, col 114 of module benor: 1414
@!@!@ENDMSG 2221 @!@!@
@!@!@STARTMSG 2221:0 @!@!@
  ||||||line 225, col 103 to line 225, col 112 of module benor: 5656
@!@!@ENDMSG 2221 @!@!@
@!@!@STARTMSG 2221:0 @!@!@
  ||||||line 225, col 96 to line 225, col 100 of module benor: 1414
@!@!@ENDMSG 2221 @!@!@
@!@!@STARTMSG 2221:0 @!@!@
  ||||line 225, col 119 to line 225, col 119 of module benor: 1414
@!@!@ENDMSG 2221 @!@!@
@!@!@STARTMSG 2221:0 @!@!@
  ||line 225, col 124 to line 225, col 158 of module benor: 1414
@!@!@ENDMSG 2221 @!@!@
@!@!@STARTMSG 2221:0 @!@!@
  |||line 225, col 124 to line 225, col 139 of module benor: 1414
@!@!@ENDMSG 2221 @!@!@
@!@!@STARTMSG 2221:0 @!@!@
  |||line 225, col 144 to line 225, col 158 of module benor: 2
@!@!@ENDMSG 2221 @!@!@
@!@!@STARTMSG 2221:0 @!@!@
  |line 225, col 23 to line 225, col 27 of module benor: 355
@!@!@ENDMSG 2221 @!@!@
@!@!@STARTMSG 2202:0 @!@!@
End of statistics.
@!@!@ENDMSG 2202 @!@!@
@!@!@STARTMSG 2200:0 @!@!@
Progress(14) at 2019-11-27 20:30:54: 1,005 states generated (19,744 s/min), 355 distinct states found (6,974 ds/min), 24 states left on queue.
@!@!@ENDMSG 2200 @!@!@
@!@!@STARTMSG 2199:0 @!@!@
1005 states generated, 355 distinct states found, 24 states left on queue.
@!@!@ENDMSG 2199 @!@!@
@!@!@STARTMSG 2194:0 @!@!@
The depth of the complete state graph search is 14.
@!@!@ENDMSG 2194 @!@!@
@!@!@STARTMSG 2268:0 @!@!@
The average outdegree of the complete state graph is 1 (minimum is 0, the maximum 4 and the 95th percentile is 3).
@!@!@ENDMSG 2268 @!@!@
@!@!@STARTMSG 2186:0 @!@!@
Finished in 3060ms at (2019-11-27 20:30:54)
@!@!@ENDMSG 2186 @!@!@
